2020-03-06T15:13:57.477Z - normal: Load ~/.CocosCreator/settings.json
2020-03-06T15:13:57.522Z - normal: Initializing Asset Database
2020-03-06T15:13:57.524Z - normal: checking language setting...
2020-03-06T15:13:57.524Z - normal: Language: zh
2020-03-06T15:13:57.868Z - success: preview server running at http://localhost:7456
2020-03-06T15:13:57.881Z - success: protocol editor-framework registered
2020-03-06T15:13:57.882Z - success: protocol app registered
2020-03-06T15:13:57.882Z - success: protocol theme registered
2020-03-06T15:13:57.882Z - success: protocol packages registered
2020-03-06T15:13:57.882Z - success: protocol uuid registerred
2020-03-06T15:13:57.882Z - success: protocol db registerred
2020-03-06T15:13:57.882Z - success: protocol thumbnail registerred
2020-03-06T15:13:57.882Z - success: protocol unpack registerred
2020-03-06T15:13:57.882Z - success: protocol disable-commonjs registerred
2020-03-06T15:13:57.953Z - normal: connected!
2020-03-06T15:13:57.954Z - normal: Check project /Users/jerrysir/Downloads/GitHub/2048_3D
2020-03-06T15:13:57.955Z - normal: Initializing project /Users/jerrysir/Downloads/GitHub/2048_3D
2020-03-06T15:13:57.980Z - success: adapters loaded
2020-03-06T15:13:57.984Z - success: asset-db-debugger loaded
2020-03-06T15:13:58.038Z - success: fb-audience-network loaded
2020-03-06T15:13:58.059Z - success: fb-live-stream loaded
2020-03-06T15:13:58.061Z - success: google-play-instant loaded
2020-03-06T15:13:58.065Z - success: huawei-runtime loaded
2020-03-06T15:13:58.066Z - success: jkw-adapter loaded
2020-03-06T15:13:58.067Z - success: jsb-adapter loaded
2020-03-06T15:13:58.070Z - success: oppo-runtime loaded
2020-03-06T15:13:58.074Z - success: package-manager loaded
2020-03-06T15:13:58.075Z - success: qtt-adapter loaded
2020-03-06T15:13:58.077Z - success: runtime-dev-tools loaded
2020-03-06T15:13:58.082Z - success: sdkbox loaded
2020-03-06T15:13:58.086Z - success: ui-kit-preview-extra loaded
2020-03-06T15:13:58.089Z - success: ui-kit-preview loaded
2020-03-06T15:13:58.093Z - success: vivo-runtime loaded
2020-03-06T15:13:58.095Z - success: alipay-minigame loaded
2020-03-06T15:13:58.141Z - success: assets loaded
2020-03-06T15:13:58.143Z - success: baidugame-opendata loaded
2020-03-06T15:13:58.144Z - success: baidugame loaded
2020-03-06T15:13:58.147Z - success: builder loaded
2020-03-06T15:13:58.250Z - success: cocos-services loaded
2020-03-06T15:13:58.254Z - success: console loaded
2020-03-06T15:13:58.262Z - success: fb-instant-games loaded
2020-03-06T15:13:58.266Z - success: game-window loaded
2020-03-06T15:13:58.267Z - success: google-instant-games loaded
2020-03-06T15:13:58.271Z - success: hierarchy loaded
2020-03-06T15:13:58.275Z - success: inspector loaded
2020-03-06T15:13:58.498Z - success: cpk-publish loaded
2020-03-06T15:13:58.502Z - success: keystore loaded
2020-03-06T15:13:58.510Z - success: node-library loaded
2020-03-06T15:13:58.514Z - success: open-recent-items loaded
2020-03-06T15:13:58.522Z - success: package-asset loaded
2020-03-06T15:13:58.524Z - success: preferences loaded
2020-03-06T15:13:58.527Z - success: project-exporter loaded
2020-03-06T15:13:58.530Z - success: project-importer loaded
2020-03-06T15:13:58.533Z - success: project-settings loaded
2020-03-06T15:13:58.545Z - success: qtt-runtime loaded
2020-03-06T15:13:58.548Z - success: scene loaded
2020-03-06T15:13:58.549Z - success: simulator-debugger loaded
2020-03-06T15:13:58.550Z - success: sprite-editor loaded
2020-03-06T15:13:58.554Z - success: store loaded
2020-03-06T15:13:58.557Z - success: timeline loaded
2020-03-06T15:13:58.559Z - success: wechatgame-opendata loaded
2020-03-06T15:13:58.563Z - success: wechatgame loaded
2020-03-06T15:13:58.566Z - success: xiaomi-runtime loaded
2020-03-06T15:13:59.256Z - normal: Initializing Cocos2d
2020-03-06T15:13:59.547Z - normal: Initializing engine extends
2020-03-06T15:13:59.840Z - info: Cocos Service load base data!
2020-03-06T15:14:00.023Z - normal: Loading packages
2020-03-06T15:14:00.027Z - normal: Watching packages
2020-03-06T15:14:00.103Z - normal: Run Application
2020-03-06T15:14:02.670Z - warn: Please change the definition of property 'hitAudio' in class 'DefaultBall'. Starting from v1.10,
properties in CCClass can not be abbreviated if they are of type RawAsset.
Please use the complete form.
For example, if the type is Texture2D, the previous definition is:
    hitAudio: cc.Texture2D,
If you use JS, it should be changed to:
    hitAudio: {
      type: cc.Texture2D // use 'type:' to define Texture2D object directly
      default: null,     // object's default value is null
    },
If you use TS, it should be changed to:
    %s: {
      type: cc.Texture2D // use 'type:' to define Texture2D object directly
    }
    %s: cc.Texture2D = null;
(This helps us to successfully refactor all RawAssets at v2.0, sorry for the inconvenience. 😰 )
2020-03-06T15:14:02.671Z - warn: Please change the definition of property 'destroyAudio' in class 'DefaultBall'. Starting from v1.10,
properties in CCClass can not be abbreviated if they are of type RawAsset.
Please use the complete form.
For example, if the type is Texture2D, the previous definition is:
    destroyAudio: cc.Texture2D,
If you use JS, it should be changed to:
    destroyAudio: {
      type: cc.Texture2D // use 'type:' to define Texture2D object directly
      default: null,     // object's default value is null
    },
If you use TS, it should be changed to:
    %s: {
      type: cc.Texture2D // use 'type:' to define Texture2D object directly
    }
    %s: cc.Texture2D = null;
(This helps us to successfully refactor all RawAssets at v2.0, sorry for the inconvenience. 😰 )
2020-03-06T15:15:04.957Z - normal: Start building with options : {
  "actualPlatform": "web-mobile",
  "android": {
    "packageName": "org.cocos2d.helloworld"
  },
  "android-instant": {
    "REMOTE_SERVER_ROOT": "",
    "host": "",
    "packageName": "org.cocos2d.helloworld",
    "pathPattern": "",
    "recordPath": "",
    "scheme": "https",
    "skipRecord": false
  },
  "apiLevel": "",
  "appABIs": [],
  "appBundle": false,
  "baidugame": {
    "REMOTE_SERVER_ROOT": "",
    "appid": "testappid",
    "orientation": "portrait",
    "subContext": ""
  },
  "buildPath": "/Users/jerrysir/Downloads/GitHub/2048_3D/build",
  "debug": false,
  "dest": "/Users/jerrysir/Downloads/GitHub/2048_3D/build/web-mobile",
  "embedWebDebugger": false,
  "encryptJs": true,
  "excludeScenes": [],
  "excludedModules": [],
  "fb-instant-games": {},
  "includeSDKBox": false,
  "inlineSpriteFrames": true,
  "inlineSpriteFrames_native": true,
  "ios": {
    "packageName": "org.cocos2d.helloworld"
  },
  "mac": {
    "packageName": "org.cocos2d.helloworld"
  },
  "md5Cache": true,
  "mergeStartScene": true,
  "optimizeHotUpdate": false,
  "orientation": {
    "landscapeLeft": true,
    "landscapeRight": true,
    "portrait": false,
    "upsideDown": false
  },
  "packageName": "org.cocos2d.helloworld",
  "platform": "web-mobile",
  "previewHeight": "720",
  "previewWidth": "1280",
  "qqplay": {
    "REMOTE_SERVER_ROOT": "",
    "orientation": "portrait",
    "zip": false
  },
  "scenes": [
    "2d2f792f-a40c-49bb-a189-ed176a246e49"
  ],
  "sourceMaps": false,
  "startScene": "2d2f792f-a40c-49bb-a189-ed176a246e49",
  "template": "link",
  "title": "hello_world",
  "useDebugKeystore": true,
  "vsVersion": "auto",
  "webOrientation": "portrait",
  "wechatgame": {
    "REMOTE_SERVER_ROOT": "",
    "appid": "",
    "orientation": "portrait",
    "separate_engine": false,
    "subContext": ""
  },
  "win32": {},
  "xxteaKey": "22c1afb0-cb2b-47",
  "zipCompressJs": true,
  "project": "/Users/jerrysir/Downloads/GitHub/2048_3D",
  "projectName": "hello_world",
  "debugBuildWorker": false
}
2020-03-06T15:15:04.958Z - normal: Building /Users/jerrysir/Downloads/GitHub/2048_3D
2020-03-06T15:15:04.958Z - normal: Destination /Users/jerrysir/Downloads/GitHub/2048_3D/build/web-mobile
2020-03-06T15:15:05.029Z - normal: Delete /Users/jerrysir/Downloads/GitHub/2048_3D/build/web-mobile/subpackages/**/*,/Users/jerrysir/Downloads/GitHub/2048_3D/build/web-mobile/**/*
2020-03-06T15:15:06.220Z - normal: Start building assets
2020-03-06T15:15:06.220Z - normal: Start spawn build-worker
2020-03-06T15:15:06.671Z - normal: Finish spawn build-worker
2020-03-06T15:15:06.671Z - normal: Start init build-worker
2020-03-06T15:15:08.028Z - normal: Finish init build-worker
2020-03-06T15:15:08.028Z - normal: Start build-assets in worker
2020-03-06T15:15:08.284Z - normal: Finish build-assets in worker
2020-03-06T15:15:08.286Z - normal: Finish building assets
2020-03-06T15:15:08.293Z - normal: Start building plugin scripts
2020-03-06T15:15:08.315Z - normal: Generating main.js from /Applications/CocosCreator.app/Contents/Resources/static/build-templates/shares/main.js
2020-03-06T15:15:08.321Z - normal: Generating html from /Applications/CocosCreator.app/Contents/Resources/static/build-templates/web-mobile/template/index.html
2020-03-06T15:15:08.448Z - normal: Built to "/Users/jerrysir/Downloads/GitHub/2048_3D/build/web-mobile" successfully
2020-03-06T15:25:10.645Z - warn: Please change the definition of property 'hitAudio' in class 'DefaultBall'. Starting from v1.10,
properties in CCClass can not be abbreviated if they are of type RawAsset.
Please use the complete form.
For example, if the type is Texture2D, the previous definition is:
    hitAudio: cc.Texture2D,
If you use JS, it should be changed to:
    hitAudio: {
      type: cc.Texture2D // use 'type:' to define Texture2D object directly
      default: null,     // object's default value is null
    },
If you use TS, it should be changed to:
    %s: {
      type: cc.Texture2D // use 'type:' to define Texture2D object directly
    }
    %s: cc.Texture2D = null;
(This helps us to successfully refactor all RawAssets at v2.0, sorry for the inconvenience. 😰 )
2020-03-06T15:25:10.646Z - warn: Please change the definition of property 'destroyAudio' in class 'DefaultBall'. Starting from v1.10,
properties in CCClass can not be abbreviated if they are of type RawAsset.
Please use the complete form.
For example, if the type is Texture2D, the previous definition is:
    destroyAudio: cc.Texture2D,
If you use JS, it should be changed to:
    destroyAudio: {
      type: cc.Texture2D // use 'type:' to define Texture2D object directly
      default: null,     // object's default value is null
    },
If you use TS, it should be changed to:
    %s: {
      type: cc.Texture2D // use 'type:' to define Texture2D object directly
    }
    %s: cc.Texture2D = null;
(This helps us to successfully refactor all RawAssets at v2.0, sorry for the inconvenience. 😰 )
2020-03-06T15:25:20.986Z - normal: Simulator: WORKAREA WIDTH 2560.00, HEIGHT 1395.00
2020-03-06T15:25:20.986Z - normal: Simulator: FRAME SCALE = 0.50
2020-03-06T15:25:21.136Z - normal: Simulator: GLFWError #65544 Happen, Cocoa: Failed to retrieve display name
2020-03-06T15:25:21.137Z - normal: Simulator: 
2020-03-06T15:25:21.137Z - normal: Simulator: {
2020-03-06T15:25:21.137Z - normal: Simulator: 	gl.supports_float_texture: true
2020-03-06T15:25:21.138Z - normal: Simulator: 	gl.supports_ATITC: false
2020-03-06T15:25:21.138Z - normal: Simulator: 	gl.supports_discard_framebuffer: false
2020-03-06T15:25:21.142Z - normal: Simulator: 	gl.supports_NPOT: true
2020-03-06T15:25:21.143Z - normal: Simulator: 	gl.supports_ETC2: false
2020-03-06T15:25:21.143Z - normal: Simulator: 	build_type: DEBUG
2020-03-06T15:25:21.143Z - normal: Simulator: 	gl.vendor: ATI Technologies Inc.
2020-03-06T15:25:21.144Z - normal: Simulator: 	gl.renderer: AMD Radeon Pro Vega 20 OpenGL Engine
2020-03-06T15:25:21.144Z - normal: Simulator: 	gl.supports_PVRTC: false
2020-03-06T15:25:21.144Z - normal: Simulator: 	gl.supports_ETC1: false
2020-03-06T15:25:21.145Z - normal: Simulator: 	gl.supports_BGRA8888: false
2020-03-06T15:25:21.145Z - normal: Simulator: 	gl.max_texture_size: 16384
2020-03-06T15:25:21.145Z - normal: Simulator: 	gl.max_texture_units: 16
2020-03-06T15:25:21.146Z - normal: Simulator: 	gl.supports_OES_packed_depth_stencil: false
2020-03-06T15:25:21.146Z - normal: Simulator: 	compiled_with_gl_state_cache: true
2020-03-06T15:25:21.146Z - normal: Simulator: 	gl.supports_OES_map_buffer: false
2020-03-06T15:25:21.147Z - normal: Simulator: 	gl.supports_vertex_array_object: true
2020-03-06T15:25:21.147Z - normal: Simulator: 	gl.supports_S3TC: true
2020-03-06T15:25:21.147Z - normal: Simulator: 	gl.version: 2.1 ATI-3.5.5
2020-03-06T15:25:21.148Z - normal: Simulator: 	compiled_with_profiler: false
2020-03-06T15:25:21.148Z - normal: Simulator: 	gl.supports_OES_depth24: false
2020-03-06T15:25:21.148Z - normal: Simulator: }
2020-03-06T15:25:21.149Z - normal: Simulator: 
2020-03-06T15:25:21.149Z - normal: Simulator: 
2020-03-06T15:25:21.149Z - normal: Simulator: Project Config:
2020-03-06T15:25:21.150Z - normal: Simulator:     project dir: /Applications/CocosCreator.app/Contents/Resources/cocos2d-x/simulator/mac/Simulator.app/Contents/Resources/
2020-03-06T15:25:21.150Z - normal: Simulator:     writable path: $(PROJDIR)/
2020-03-06T15:25:21.151Z - normal: Simulator:     script file: $(PROJDIR)/main.js
2020-03-06T15:25:21.151Z - normal: Simulator:     frame size: 1080 x 1920
2020-03-06T15:25:21.151Z - normal: Simulator:     frame scale: 0.50
2020-03-06T15:25:21.152Z - normal: Simulator:     show console: NO
2020-03-06T15:25:21.152Z - normal: Simulator:     write debug log: NO ()
2020-03-06T15:25:21.152Z - normal: Simulator:     listen: 
2020-03-06T15:25:21.153Z - normal: Simulator:     debugger: none
2020-03-06T15:25:21.153Z - normal: Simulator:     add searching path:
2020-03-06T15:25:21.153Z - normal: Simulator: 
2020-03-06T15:25:21.154Z - normal: Simulator: 
2020-03-06T15:25:21.154Z - normal: Simulator: 
2020-03-06T15:25:21.155Z - normal: Simulator: resetDesignResolution request
2020-03-06T15:25:21.155Z - normal: Simulator: ------------------------------------------------
2020-03-06T15:25:21.155Z - normal: Simulator: LOAD Js FILE: jsb-adapter/jsb-builtin.js
2020-03-06T15:25:21.156Z - normal: Simulator: ------------------------------------------------
2020-03-06T15:25:21.157Z - normal: Simulator: Initializing V8, version: 7.5.288.22
2020-03-06T15:25:21.170Z - normal: Simulator: libuv version: 1.23.1-dev
2020-03-06T15:25:21.172Z - normal: Simulator: Debugger listening..., visit [ chrome-devtools://devtools/bundled/inspector.html?v8only=true&ws=0.0.0.0:5086/00010002-0003-4004-8005-000600070008 ] in chrome browser to debug!
2020-03-06T15:25:21.172Z - normal: Simulator: For help see https://nodejs.org/en/docs/inspector
2020-03-06T15:25:21.250Z - normal: Simulator: JS: Enable batch GL commands optimization!
2020-03-06T15:25:21.252Z - normal: Simulator: resetDesignResolution request
2020-03-06T15:25:21.253Z - normal: Simulator: ------------------------------------------------
2020-03-06T15:25:21.254Z - normal: Simulator: LOAD Js FILE: main.js
2020-03-06T15:25:21.255Z - normal: Simulator: ------------------------------------------------
2020-03-06T15:25:21.422Z - normal: Simulator: iShow!
2020-03-06T15:25:21.580Z - normal: Simulator: JS: [WARN]: Please change the definition of property 'hitAudio' in class 'DefaultBall'. Starting from v1.10,
2020-03-06T15:25:21.580Z - normal: Simulator: properties in CCClass can not be abbreviated if they are of type RawAsset.
2020-03-06T15:25:21.580Z - normal: Simulator: Please use the complete form.
2020-03-06T15:25:21.580Z - normal: Simulator: For example, if the type is Texture2D, the previous definition is:
2020-03-06T15:25:21.580Z - normal: Simulator:     hitAudio: cc.Texture2D,
2020-03-06T15:25:21.580Z - normal: Simulator: If you use JS, it should be changed to:
2020-03-06T15:25:21.580Z - normal: Simulator:     hitAudio: {
2020-03-06T15:25:21.581Z - normal: Simulator:       type: cc.Texture2D // use 'type:' to define Texture2D object directly
2020-03-06T15:25:21.581Z - normal: Simulator:       default: null,     // object's default value is null
2020-03-06T15:25:21.581Z - normal: Simulator:     },
2020-03-06T15:25:21.581Z - normal: Simulator: If you use TS, it should be changed to:
2020-03-06T15:25:21.581Z - normal: Simulator:     %s: {
2020-03-06T15:25:21.581Z - normal: Simulator:       type: cc.Texture2D // use 'type:' to define Texture2D object directly
2020-03-06T15:25:21.581Z - normal: Simulator:     }
2020-03-06T15:25:21.582Z - normal: Simulator:     %s: cc.Texture2D = null;
2020-03-06T15:25:21.582Z - normal: Simulator: (This helps us to successfully refactor all RawAssets at v2.0, sorry for the inconvenience. 😰 )
2020-03-06T15:25:21.583Z - normal: Simulator: JS: [WARN]: Please change the definition of property 'destroyAudio' in class 'DefaultBall'. Starting from v1.10,
2020-03-06T15:25:21.583Z - normal: Simulator: properties in CCClass can not be abbreviated if they are of type RawAsset.
2020-03-06T15:25:21.583Z - normal: Simulator: Please use the complete form.
2020-03-06T15:25:21.583Z - normal: Simulator: For example, if the type is Texture2D, the previous definition is:
2020-03-06T15:25:21.583Z - normal: Simulator:     destroyAudio: cc.Texture2D,
2020-03-06T15:25:21.583Z - normal: Simulator: If you use JS, it should be changed to:
2020-03-06T15:25:21.584Z - normal: Simulator:     destroyAudio: {
2020-03-06T15:25:21.584Z - normal: Simulator:       type: cc.Texture2D // use 'type:' to define Texture2D object directly
2020-03-06T15:25:21.585Z - normal: Simulator:       default: null,     // object's default value is null
2020-03-06T15:25:21.585Z - normal: Simulator:     },
2020-03-06T15:25:21.585Z - normal: Simulator: If you use TS, it should be changed to:
2020-03-06T15:25:21.585Z - normal: Simulator:     %s: {
2020-03-06T15:25:21.585Z - normal: Simulator:       type: cc.Texture2D // use 'type:' to define Texture2D object directly
2020-03-06T15:25:21.585Z - normal: Simulator:     }
2020-03-06T15:25:21.585Z - normal: Simulator:     %s: cc.Texture2D = null;
2020-03-06T15:25:21.586Z - normal: Simulator: (This helps us to successfully refactor all RawAssets at v2.0, sorry for the inconvenience. 😰 )
2020-03-06T15:25:21.635Z - normal: Simulator: D/renderer (616): Device caps: maxVextexTextures: 16, maxFragUniforms: 1024, maxTextureUints: 16, maxVertexAttributes: 16, maxDrawBuffers: 8, maxColorAttatchments: 8
2020-03-06T15:25:21.635Z - normal: Simulator: JS: Cocos Creator v2.2.2
2020-03-06T15:25:21.712Z - normal: Simulator: JS: [WARN]: Since 1.10, `cc.audioEngine` accept cc.AudioClip instance directly, not a URL string. Please directly reference the AudioClip object in your script, or load cc.AudioClip by loader first. Don't use audio's URL anymore.
2020-03-06T15:25:23.799Z - normal: Simulator: I/AudioEngine-inl.mm (358): OpenAL was initialized successfully!
2020-03-06T15:25:23.799Z - normal: Simulator: V/AudioCache (227):   id=1 _pcmData alloc: 0x7f91a30ea000
2020-03-06T15:25:23.799Z - normal: Simulator: V/AudioCache (264): pcm buffer was loaded successfully, total frames: 10368, total read frames: 10368, adjust frames: 0, remainingFrames: 0
2020-03-06T15:25:23.799Z - normal: Simulator: V/AudioCache (273):   id=1 generated alGenBuffers: 2425  for _pcmData: 0x7f91a30ea000
2020-03-06T15:25:23.799Z - normal: Simulator: V/AudioCache (274):   id=1 _pcmData alBufferData: 0x7f91a30ea000
2020-03-06T15:25:23.800Z - normal: Simulator: JS: [WARN]: Since 1.10, `cc.audioEngine` accept cc.AudioClip instance directly, not a URL string. Please directly reference the AudioClip object in your script, or load cc.AudioClip by loader first. Don't use audio's URL anymore.
2020-03-06T15:25:24.443Z - normal: Simulator: JS: [WARN]: Sorry, cc.Node.convertTouchToNodeSpaceAR is deprecated. Please use convertToNodeSpaceAR instead
2020-03-06T15:25:24.949Z - normal: Simulator: JS: [WARN]: Since 1.10, `cc.audioEngine` accept cc.AudioClip instance directly, not a URL string. Please directly reference the AudioClip object in your script, or load cc.AudioClip by loader first. Don't use audio's URL anymore.
2020-03-06T15:25:25.695Z - normal: Simulator: JS: [WARN]: Sorry, cc.Node.convertTouchToNodeSpaceAR is deprecated. Please use convertToNodeSpaceAR instead
2020-03-06T15:25:26.198Z - normal: Simulator: JS: [WARN]: Since 1.10, `cc.audioEngine` accept cc.AudioClip instance directly, not a URL string. Please directly reference the AudioClip object in your script, or load cc.AudioClip by loader first. Don't use audio's URL anymore.
2020-03-06T15:25:31.000Z - normal: Simulator: JS: [WARN]: Since 1.10, `cc.audioEngine` accept cc.AudioClip instance directly, not a URL string. Please directly reference the AudioClip object in your script, or load cc.AudioClip by loader first. Don't use audio's URL anymore.
2020-03-06T15:25:31.620Z - normal: Simulator: JS: 8
2020-03-06T15:25:31.621Z - normal: Simulator: JS: 256
2020-03-06T15:25:31.737Z - normal: Simulator: JS: 8
2020-03-06T15:25:31.737Z - normal: Simulator: JS: 4
2020-03-06T15:25:31.974Z - normal: Simulator: ScriptEngine::cleanup begin ...
2020-03-06T15:25:31.975Z - normal: Simulator: GC begin ..., (js->native map) size: 198, all objects: 516
2020-03-06T15:25:32.008Z - normal: Simulator: GC end ..., (js->native map) size: 158, all objects: 476
2020-03-06T15:25:32.008Z - normal: Simulator: GC begin ..., (js->native map) size: 158, all objects: 476
2020-03-06T15:25:32.034Z - normal: Simulator: GC end ..., (js->native map) size: 158, all objects: 476
2020-03-06T15:25:32.034Z - normal: Simulator: GC begin ..., (js->native map) size: 0, all objects: 0
2020-03-06T15:25:32.058Z - normal: Simulator: GC end ..., (js->native map) size: 0, all objects: 0
2020-03-06T15:25:32.061Z - normal: Simulator: ScriptEngine::cleanup end ...
2020-03-06T15:25:32.113Z - normal: Simulator: V/AudioPlayer (315): Exit rotate buffer thread ...
2020-03-06T15:25:32.114Z - normal: Simulator: V/AudioCache (136): ~AudioCache(id=1), delete buffer: 2425
2020-03-06T15:25:39.693Z - normal: Simulator: WORKAREA WIDTH 2560.00, HEIGHT 1395.00
2020-03-06T15:25:39.693Z - normal: Simulator: FRAME SCALE = 0.50
2020-03-06T15:25:39.773Z - normal: Simulator: GLFWError #65544 Happen, Cocoa: Failed to retrieve display name
2020-03-06T15:25:39.773Z - normal: Simulator: 
2020-03-06T15:25:39.774Z - normal: Simulator: {
2020-03-06T15:25:39.774Z - normal: Simulator: 	gl.supports_float_texture: true
2020-03-06T15:25:39.774Z - normal: Simulator: 	gl.supports_ATITC: false
2020-03-06T15:25:39.775Z - normal: Simulator: 	gl.supports_discard_framebuffer: false
2020-03-06T15:25:39.775Z - normal: Simulator: 	gl.supports_NPOT: true
2020-03-06T15:25:39.776Z - normal: Simulator: 	gl.supports_ETC2: false
2020-03-06T15:25:39.776Z - normal: Simulator: 	build_type: DEBUG
2020-03-06T15:25:39.776Z - normal: Simulator: 	gl.vendor: ATI Technologies Inc.
2020-03-06T15:25:39.776Z - normal: Simulator: 	gl.renderer: AMD Radeon Pro Vega 20 OpenGL Engine
2020-03-06T15:25:39.777Z - normal: Simulator: 	gl.supports_PVRTC: false
2020-03-06T15:25:39.777Z - normal: Simulator: 	gl.supports_ETC1: false
2020-03-06T15:25:39.777Z - normal: Simulator: 	gl.supports_BGRA8888: false
2020-03-06T15:25:39.778Z - normal: Simulator: 	gl.max_texture_size: 16384
2020-03-06T15:25:39.778Z - normal: Simulator: 	gl.max_texture_units: 16
2020-03-06T15:25:39.778Z - normal: Simulator: 	gl.supports_OES_packed_depth_stencil: false
2020-03-06T15:25:39.779Z - normal: Simulator: 	compiled_with_gl_state_cache: true
2020-03-06T15:25:39.779Z - normal: Simulator: 	gl.supports_OES_map_buffer: false
2020-03-06T15:25:39.779Z - normal: Simulator: 	gl.supports_vertex_array_object: true
2020-03-06T15:25:39.779Z - normal: Simulator: 	gl.supports_S3TC: true
2020-03-06T15:25:39.781Z - normal: Simulator: 	gl.version: 2.1 ATI-3.5.5
2020-03-06T15:25:39.781Z - normal: Simulator: 	compiled_with_profiler: false
2020-03-06T15:25:39.781Z - normal: Simulator: 	gl.supports_OES_depth24: false
2020-03-06T15:25:39.781Z - normal: Simulator: }
2020-03-06T15:25:39.798Z - normal: Simulator: Project Config:
2020-03-06T15:25:39.798Z - normal: Simulator:     project dir: /Applications/CocosCreator.app/Contents/Resources/cocos2d-x/simulator/mac/Simulator.app/Contents/Resources/
2020-03-06T15:25:39.799Z - normal: Simulator:     writable path: $(PROJDIR)/
2020-03-06T15:25:39.799Z - normal: Simulator:     script file: $(PROJDIR)/main.js
2020-03-06T15:25:39.799Z - normal: Simulator:     frame size: 1080 x 1920
2020-03-06T15:25:39.800Z - normal: Simulator:     frame scale: 0.50
2020-03-06T15:25:39.800Z - normal: Simulator:     show console: NO
2020-03-06T15:25:39.800Z - normal: Simulator:     write debug log: NO ()
2020-03-06T15:25:39.800Z - normal: Simulator:     listen: 
2020-03-06T15:25:39.801Z - normal: Simulator:     debugger: none
2020-03-06T15:25:39.801Z - normal: Simulator:     add searching path:
2020-03-06T15:25:39.801Z - normal: Simulator: resetDesignResolution request
2020-03-06T15:25:39.801Z - normal: Simulator: ------------------------------------------------
2020-03-06T15:25:39.802Z - normal: Simulator: LOAD Js FILE: jsb-adapter/jsb-builtin.js
2020-03-06T15:25:39.802Z - normal: Simulator: ------------------------------------------------
2020-03-06T15:25:39.802Z - normal: Simulator: Initializing V8, version: 7.5.288.22
2020-03-06T15:25:39.802Z - normal: Simulator: libuv version: 1.23.1-dev
2020-03-06T15:25:39.803Z - normal: Simulator: Debugger listening..., visit [ chrome-devtools://devtools/bundled/inspector.html?v8only=true&ws=0.0.0.0:5086/00010002-0003-4004-8005-000600070008 ] in chrome browser to debug!
2020-03-06T15:25:39.803Z - normal: Simulator: For help see https://nodejs.org/en/docs/inspector
2020-03-06T15:25:39.822Z - normal: Simulator: JS: Enable batch GL commands optimization!
2020-03-06T15:25:39.823Z - normal: Simulator: resetDesignResolution request
2020-03-06T15:25:39.823Z - normal: Simulator: ------------------------------------------------
2020-03-06T15:25:39.823Z - normal: Simulator: LOAD Js FILE: main.js
2020-03-06T15:25:39.824Z - normal: Simulator: ------------------------------------------------
2020-03-06T15:25:39.973Z - normal: Simulator: iShow!
2020-03-06T15:25:40.064Z - normal: Simulator: JS: [WARN]: Please change the definition of property 'hitAudio' in class 'DefaultBall'. Starting from v1.10,
2020-03-06T15:25:40.064Z - normal: Simulator: properties in CCClass can not be abbreviated if they are of type RawAsset.
2020-03-06T15:25:40.064Z - normal: Simulator: Please use the complete form.
2020-03-06T15:25:40.064Z - normal: Simulator: For example, if the type is Texture2D, the previous definition is:
2020-03-06T15:25:40.065Z - normal: Simulator:     hitAudio: cc.Texture2D,
2020-03-06T15:25:40.065Z - normal: Simulator: If you use JS, it should be changed to:
2020-03-06T15:25:40.065Z - normal: Simulator:     hitAudio: {
2020-03-06T15:25:40.065Z - normal: Simulator:       type: cc.Texture2D // use 'type:' to define Texture2D object directly
2020-03-06T15:25:40.065Z - normal: Simulator:       default: null,     // object's default value is null
2020-03-06T15:25:40.066Z - normal: Simulator:     },
2020-03-06T15:25:40.066Z - normal: Simulator: If you use TS, it should be changed to:
2020-03-06T15:25:40.066Z - normal: Simulator:     %s: {
2020-03-06T15:25:40.067Z - normal: Simulator:       type: cc.Texture2D // use 'type:' to define Texture2D object directly
2020-03-06T15:25:40.067Z - normal: Simulator:     }
2020-03-06T15:25:40.067Z - normal: Simulator:     %s: cc.Texture2D = null;
2020-03-06T15:25:40.067Z - normal: Simulator: (This helps us to successfully refactor all RawAssets at v2.0, sorry for the inconvenience. 😰 )
2020-03-06T15:25:40.068Z - normal: Simulator: JS: [WARN]: Please change the definition of property 'destroyAudio' in class 'DefaultBall'. Starting from v1.10,
2020-03-06T15:25:40.068Z - normal: Simulator: properties in CCClass can not be abbreviated if they are of type RawAsset.
2020-03-06T15:25:40.068Z - normal: Simulator: Please use the complete form.
2020-03-06T15:25:40.068Z - normal: Simulator: For example, if the type is Texture2D, the previous definition is:
2020-03-06T15:25:40.068Z - normal: Simulator:     destroyAudio: cc.Texture2D,
2020-03-06T15:25:40.069Z - normal: Simulator: If you use JS, it should be changed to:
2020-03-06T15:25:40.069Z - normal: Simulator:     destroyAudio: {
2020-03-06T15:25:40.069Z - normal: Simulator:       type: cc.Texture2D // use 'type:' to define Texture2D object directly
2020-03-06T15:25:40.069Z - normal: Simulator:       default: null,     // object's default value is null
2020-03-06T15:25:40.069Z - normal: Simulator:     },
2020-03-06T15:25:40.069Z - normal: Simulator: If you use TS, it should be changed to:
2020-03-06T15:25:40.070Z - normal: Simulator:     %s: {
2020-03-06T15:25:40.070Z - normal: Simulator:       type: cc.Texture2D // use 'type:' to define Texture2D object directly
2020-03-06T15:25:40.070Z - normal: Simulator:     }
2020-03-06T15:25:40.070Z - normal: Simulator:     %s: cc.Texture2D = null;
2020-03-06T15:25:40.070Z - normal: Simulator: (This helps us to successfully refactor all RawAssets at v2.0, sorry for the inconvenience. 😰 )
2020-03-06T15:25:40.116Z - normal: Simulator: D/renderer (616): Device caps: maxVextexTextures: 16, maxFragUniforms: 1024, maxTextureUints: 16, maxVertexAttributes: 16, maxDrawBuffers: 8, maxColorAttatchments: 8
2020-03-06T15:25:40.116Z - normal: Simulator: JS: Cocos Creator v2.2.2
2020-03-06T15:25:40.189Z - normal: Simulator: JS: [WARN]: Since 1.10, `cc.audioEngine` accept cc.AudioClip instance directly, not a URL string. Please directly reference the AudioClip object in your script, or load cc.AudioClip by loader first. Don't use audio's URL anymore.
2020-03-06T15:25:41.758Z - normal: Simulator: I/AudioEngine-inl.mm (358): OpenAL was initialized successfully!
2020-03-06T15:25:41.758Z - normal: Simulator: V/AudioCache (227):   id=1 _pcmData alloc: 0x7fb8a583a200
2020-03-06T15:25:41.759Z - normal: Simulator: V/AudioCache (264): pcm buffer was loaded successfully, total frames: 10368, total read frames: 10368, adjust frames: 0, remainingFrames: 0
2020-03-06T15:25:41.759Z - normal: Simulator: V/AudioCache (273):   id=1 generated alGenBuffers: 2425  for _pcmData: 0x7fb8a583a200
2020-03-06T15:25:41.759Z - normal: Simulator: V/AudioCache (274):   id=1 _pcmData alBufferData: 0x7fb8a583a200
2020-03-06T15:25:41.759Z - normal: Simulator: JS: [WARN]: Since 1.10, `cc.audioEngine` accept cc.AudioClip instance directly, not a URL string. Please directly reference the AudioClip object in your script, or load cc.AudioClip by loader first. Don't use audio's URL anymore.
2020-03-06T15:25:42.305Z - normal: Simulator: JS: [WARN]: Sorry, cc.Node.convertTouchToNodeSpaceAR is deprecated. Please use convertToNodeSpaceAR instead
2020-03-06T15:25:42.808Z - normal: Simulator: JS: [WARN]: Since 1.10, `cc.audioEngine` accept cc.AudioClip instance directly, not a URL string. Please directly reference the AudioClip object in your script, or load cc.AudioClip by loader first. Don't use audio's URL anymore.
2020-03-06T15:25:43.443Z - normal: Simulator: JS: 2
2020-03-06T15:25:43.443Z - normal: Simulator: JS: 256
2020-03-06T15:25:44.811Z - normal: Simulator: JS: [WARN]: Since 1.10, `cc.audioEngine` accept cc.AudioClip instance directly, not a URL string. Please directly reference the AudioClip object in your script, or load cc.AudioClip by loader first. Don't use audio's URL anymore.
2020-03-06T15:25:45.427Z - normal: Simulator: JS: 2
2020-03-06T15:25:45.427Z - normal: Simulator: JS: 256
2020-03-06T15:25:45.910Z - normal: Simulator: JS: 2
2020-03-06T15:25:45.911Z - normal: Simulator: JS: 256
2020-03-06T15:25:47.428Z - normal: Simulator: JS: [WARN]: Since 1.10, `cc.audioEngine` accept cc.AudioClip instance directly, not a URL string. Please directly reference the AudioClip object in your script, or load cc.AudioClip by loader first. Don't use audio's URL anymore.
2020-03-06T15:25:48.081Z - normal: Simulator: JS: 32
2020-03-06T15:25:48.081Z - normal: Simulator: JS: 2
2020-03-06T15:25:48.181Z - normal: Simulator: JS: 2
2020-03-06T15:25:48.181Z - normal: Simulator: JS: 256
2020-03-06T15:25:48.279Z - normal: Simulator: ScriptEngine::cleanup begin ...
2020-03-06T15:25:48.279Z - normal: Simulator: GC begin ..., (js->native map) size: 198, all objects: 516
2020-03-06T15:25:48.310Z - normal: Simulator: GC end ..., (js->native map) size: 158, all objects: 476
2020-03-06T15:25:48.311Z - normal: Simulator: GC begin ..., (js->native map) size: 158, all objects: 476
2020-03-06T15:25:48.335Z - normal: Simulator: GC end ..., (js->native map) size: 158, all objects: 476
2020-03-06T15:25:48.335Z - normal: Simulator: GC begin ..., (js->native map) size: 0, all objects: 0
2020-03-06T15:25:48.360Z - normal: Simulator: GC end ..., (js->native map) size: 0, all objects: 0
2020-03-06T15:25:48.363Z - normal: Simulator: ScriptEngine::cleanup end ...
2020-03-06T15:25:48.411Z - normal: Simulator: V/AudioPlayer (315): Exit rotate buffer thread ...
2020-03-06T15:25:48.412Z - normal: Simulator: V/AudioCache (136): ~AudioCache(id=1), delete buffer: 2425
2020-03-06T15:35:42.493Z - info: shutdown preview server
